Determining if the pthread_create exist failed with the following output:
Change Dir: /home/lsl/SI/tg-entrega-final/g4/SI_VIZ/CMakeFiles/CMakeTmp

Run Build Command:"/usr/bin/make" "cmTC_18309/fast"
/usr/bin/make -f CMakeFiles/cmTC_18309.dir/build.make CMakeFiles/cmTC_18309.dir/build
make[1]: Entering directory '/home/lsl/SI/tg-entrega-final/g4/SI_VIZ/CMakeFiles/CMakeTmp'
Building C object CMakeFiles/cmTC_18309.dir/CheckSymbolExists.c.o
/usr/bin/cc     -o CMakeFiles/cmTC_18309.dir/CheckSymbolExists.c.o   -c /home/lsl/SI/tg-entrega-final/g4/SI_VIZ/CMakeFiles/CMakeTmp/CheckSymbolExists.c
Linking C executable cmTC_18309
/usr/bin/cmake -E cmake_link_script CMakeFiles/cmTC_18309.dir/link.txt --verbose=1
/usr/bin/cc       CMakeFiles/cmTC_18309.dir/CheckSymbolExists.c.o  -o cmTC_18309 -rdynamic 
CMakeFiles/cmTC_18309.dir/CheckSymbolExists.c.o: In function `main':
CheckSymbolExists.c:(.text+0x16): undefined reference to `pthread_create'
collect2: error: ld returned 1 exit status
CMakeFiles/cmTC_18309.dir/build.make:97: recipe for target 'cmTC_18309' failed
make[1]: *** [cmTC_18309] Error 1
make[1]: Leaving directory '/home/lsl/SI/tg-entrega-final/g4/SI_VIZ/CMakeFiles/CMakeTmp'
Makefile:126: recipe for target 'cmTC_18309/fast' failed
make: *** [cmTC_18309/fast] Error 2

File /home/lsl/SI/tg-entrega-final/g4/SI_VIZ/CMakeFiles/CMakeTmp/CheckSymbolExists.c:
/* */
#include <pthread.h>

int main(int argc, char** argv)
{
  (void)argv;
#ifndef pthread_create
  return ((int*)(&pthread_create))[argc];
#else
  (void)argc;
  return 0;
#endif
}

Determining if the function pthread_create exists in the pthreads failed with the following output:
Change Dir: /home/lsl/SI/tg-entrega-final/g4/SI_VIZ/CMakeFiles/CMakeTmp

Run Build Command:"/usr/bin/make" "cmTC_20b5d/fast"
/usr/bin/make -f CMakeFiles/cmTC_20b5d.dir/build.make CMakeFiles/cmTC_20b5d.dir/build
make[1]: Entering directory '/home/lsl/SI/tg-entrega-final/g4/SI_VIZ/CMakeFiles/CMakeTmp'
Building C object CMakeFiles/cmTC_20b5d.dir/CheckFunctionExists.c.o
/usr/bin/cc    -DCHECK_FUNCTION_EXISTS=pthread_create   -o CMakeFiles/cmTC_20b5d.dir/CheckFunctionExists.c.o   -c /usr/share/cmake-3.5/Modules/CheckFunctionExists.c
Linking C executable cmTC_20b5d
/usr/bin/cmake -E cmake_link_script CMakeFiles/cmTC_20b5d.dir/link.txt --verbose=1
/usr/bin/cc   -DCHECK_FUNCTION_EXISTS=pthread_create    CMakeFiles/cmTC_20b5d.dir/CheckFunctionExists.c.o  -o cmTC_20b5d -rdynamic -lpthreads 
/usr/bin/ld: cannot find -lpthreads
collect2: error: ld returned 1 exit status
CMakeFiles/cmTC_20b5d.dir/build.make:97: recipe for target 'cmTC_20b5d' failed
make[1]: *** [cmTC_20b5d] Error 1
make[1]: Leaving directory '/home/lsl/SI/tg-entrega-final/g4/SI_VIZ/CMakeFiles/CMakeTmp'
Makefile:126: recipe for target 'cmTC_20b5d/fast' failed
make: *** [cmTC_20b5d/fast] Error 2


